0.884529
0.89872
0.882243
0.989556
0.97018
0.974855
0.965221
0.962225
0.956869
0.958079
0.959185
0.920967
0.746778
0.769747
0.558023
0.754326
0.785325
0.946285
0.953491
0.959208
0.964455
0.958061
0.953347
0.949105
0.950222
0.951614
0.960329
0.962546
0.970182
0.9811
0.950754
0.750257
0.962002
0.841251
0.982073
0.944162
0.942417
0.966232
0.967124
0.965017
0.96115
0.961825
0.969473
0.972962
0.98269
0.962284
0.940493
0.889306
0.927382
0.970105
0.965083
0.969819
0.968328
0.968357
0.971622
0.970198
0.955996
0.938957
0.928954
0.808462
0.790034
0.547615
0.556384
0.683579
0.91333
0.984252
0.980836
0.945401
0.965874
0.972449
0.972671
0.965609
0.961679
0.961257
0.958068
0.959003
0.955966
0.965474
0.9663
0.966462
0.965808
0.949521
0.948782
0.948678
0.936451
0.949977
0.962449
0.983044
0.989359
0.985303
0.980444
0.975608
0.942009
0.90637
0.672206
0.810918
0.870796
0.812223
