1.76557
1.69874
1.51757
1.2457
0.914807
0.559414
0.20471
-0.117154
-0.387128
-0.590536
-0.725663
-0.801745
-0.824565
-0.803054
-0.745986
-0.668672
-0.584137
-0.504027
-0.433238
-0.367854
-0.304714
-0.23394
-0.150445
-0.0492367
0.0724858
0.206994
0.346252
0.474901
0.578033
0.643628
0.662911
0.63616
0.565046
0.455423
0.315473
0.156734
-0.00688608
-0.160998
-0.292511
-0.394594
-0.460455
-0.488507
-0.479697
-0.438999
-0.378894
-0.30948
-0.241453
-0.18073
-0.130425
-0.0938913
-0.0699388
-0.0569979
-0.049659
-0.0429948
-0.0355629
-0.0263569
-0.015847
-0.00358836
0.00912392
0.0202374
0.0268413
0.0257221
0.0176654
0.00376319
-0.0134543
-0.0312767
-0.0469974
-0.0562607
-0.0566913
-0.0463092
-0.0260794
0.00130969
0.0333692
0.0662615
0.0971062
0.12219
0.138232
0.143242
0.136481
0.119203
0.0934535
0.0621758
0.0278722
-0.0065228
-0.037687
-0.0630486
-0.0813049
-0.0926971
-0.0976057
-0.0970689
-0.0911468
-0.0792869
-0.0618619
-0.0396405
-0.0145741
0.0124693
0.0403338
0.0672329
0.0913898
0.109755
0.120642
0.123224
0.118719
0.108366
0.0918723
0.0706854
0.0465286
0.0229067
0.00295691
-0.0120087
-0.022151
-0.0288087
-0.0311142
-0.0295004
-0.0258617
-0.0230384
-0.0235155
-0.0272936
-0.0334677
-0.0397469
-0.0459184
-0.05187
-0.0563613
-0.0584716
-0.0568131
-0.0533145
-0.0503337
-0.0508349
-0.0580805
-0.073282
-0.0982721
-0.132355
-0.173307
-0.216682
-0.255168
-0.282053
-0.290296
-0.275311
-0.235745
-0.172877
-0.0903159
0.00682056
0.111126
0.213792
0.305224
0.377163
0.423177
0.439689
0.425319
0.379888
0.308223
0.218792
0.12282
0.030881
-0.050963
-0.119261
-0.175081
-0.221322
-0.261656
-0.301757
-0.3459
-0.394852
-0.444532
-0.488431
-0.518287
-0.526456
-0.506736
-0.45359
-0.362748
-0.229535
-0.056583
0.149188
0.376541
0.606152
0.819757
0.995435
1.11273
1.15669
1.11819
1.00393
0.828107
0.611122
0.376164
0.140964
-0.0767312
-0.262641
-0.40798
-0.508846
-0.567078
-0.587264
-0.574639
-0.535321
-0.477689
-0.411032
-0.344822
-0.28379
-0.227723
-0.174657
-0.119491
-0.0594328
0.00751791
0.0829141
0.163803
0.245094
0.318633
0.376306
0.412653
0.423923
0.408545
0.367265
0.302058
0.21658
0.117866
0.0131641
-0.0889386
-0.180486
-0.255247
-0.306572
-0.332897
-0.33437
-0.313737
-0.278142
-0.233256
-0.185915
-0.141133
-0.101992
-0.0712387
-0.0484821
-0.0334112
-0.0237059
-0.0169506
-0.0118212
-0.00664132
-0.000866823
0.00655725
0.0148936
0.0231307
0.029266
0.0313587
0.0294101
0.0227627
0.0129916
0.00109018
-0.0111047
-0.0207805
-0.0263484
-0.0258755
-0.0202899
-0.0104649
0.00251847
0.0167986
0.0314429
0.0443003
0.0534264
0.0575312
0.0561286
0.0497571
0.0392661
0.025683
0.00998357
-0.00634965
-0.0212715
-0.0329062
-0.0406741
-0.0449658
-0.0459773
-0.0442206
-0.039009
-0.0298265
-0.0176578
-0.00294126
0.013145
0.0302257
0.0477077
0.0637211
0.0767301
0.0843836
0.0859487
0.08182
0.0724186
0.0583984
0.0404733
0.0202092
-0.000192799
-0.0181499
-0.0319636
-0.0406095
-0.0444054
-0.0436576
-0.0382951
-0.0297302
-0.0193796
-0.0096575
-0.00252353
0.00130488
0.0017159
-0.00057177
-0.00536279
-0.0115751
-0.0177567
1.61517
1.55094
1.37787
1.12222
0.812788
0.480692
0.150192
-0.151331
-0.403258
-0.591814
-0.71423
-0.779863
-0.794598
-0.763092
-0.695671
-0.607409
-0.5132
-0.42502
-0.34715
-0.278037
-0.213971
-0.149452
-0.0800952
0.00130073
0.097246
0.202641
0.309066
0.40438
0.478385
0.521659
0.52877
0.498913
0.433104
0.337264
0.220015
0.0914935
-0.0382938
-0.157905
-0.257334
-0.330273
-0.372163
-0.383167
-0.364767
-0.32234
-0.26469
-0.199967
-0.137204
-0.0817111
-0.0369392
-0.00470964
0.0158647
0.0260432
0.0299136
0.0311839
0.0316652
0.0322248
0.0328425
0.0332999
0.0324594
0.0288515
0.020169
0.00487786
-0.0164777
-0.0416383
-0.0677789
-0.0923483
-0.111669
-0.122463
-0.121808
-0.108152
-0.0827246
-0.0480659
-0.00751561
0.035528
0.0771134
0.113084
0.13927
0.152735
0.153237
0.141377
0.119397
0.0899963
0.0561142
0.0214648
-0.010639
-0.0370242
-0.0570824
-0.0709883
-0.078963
-0.0819325
-0.0798404
-0.0731896
-0.0625682
-0.0488806
-0.0326928
-0.014019
0.00646546
0.0278855
0.0491031
0.0690976
0.0868481
0.101531
0.112092
0.117033
0.114861
0.105049
0.0879447
0.0643872
0.0365221
0.00601806
-0.0248474
-0.0537628
-0.0787135
-0.0973382
-0.109365
-0.114432
-0.11289
-0.105411
-0.0918348
-0.0739031
-0.0532009
-0.0314697
-0.0101129
0.0102177
0.0285964
0.0440102
0.0543769
0.058339
0.0544132
0.0413929
0.0187438
-0.0139759
-0.0547031
-0.100749
-0.148102
-0.192501
-0.230747
-0.258535
-0.273269
-0.272421
-0.254253
-0.218946
-0.166563
-0.0995968
-0.0221194
0.0599783
0.13946
0.20992
0.265575
0.302525
0.319201
0.316542
0.297717
0.26772
0.229837
0.185164
0.133994
0.0754089
0.0109597
-0.0579016
-0.129638
-0.200786
-0.268719
-0.328873
-0.377215
-0.411619
-0.430356
-0.432467
-0.414702
-0.3728
-0.304289
-0.208868
-0.0901136
0.0445615
0.186922
0.326931
0.45345
0.557225
0.630896
0.672047
0.681654
0.662249
0.616654
0.545117
0.449955
0.334537
0.204469
0.0693429
-0.0619387
-0.1812
-0.281426
-0.357127
-0.406203
-0.428678
-0.426075
-0.402488
-0.361474
-0.306189
-0.238529
-0.16199
-0.0814475
-0.00114022
0.073304
0.137946
0.189889
0.226732
0.246915
0.25083
0.240374
0.217306
0.183644
0.140118
0.0889159
0.0325368
-0.0254182
-0.0805355
-0.130357
-0.17075
-0.198737
-0.212162
-0.210484
-0.195872
-0.170321
-0.137325
-0.0997679
-0.0609389
-0.0247051
0.00685063
0.0329937
0.0538325
0.0690908
0.0790256
0.0834417
0.0832896
0.0798089
0.0731141
0.063174
0.0489163
0.0314173
0.0118602
-0.00891682
-0.0297422
-0.0506052
-0.0695044
-0.08463
-0.0939506
-0.0963307
-0.092423
-0.0817397
-0.065012
-0.0427133
-0.0165901
0.0101672
0.0349309
0.0550095
0.0696215
0.0778691
0.0795669
0.0752825
0.0658225
0.0535675
0.0400344
0.0268856
0.0146627
0.00346369
-0.00592876
-0.013813
-0.0194405
-0.0228984
-0.0251329
-0.0262412
-0.0264212
-0.0252704
-0.0227026
-0.0188774
-0.0137051
-0.0070964
0.0011806
0.0112203
0.0220488
0.0320999
0.0403239
0.045569
0.0475421
0.0457351
0.0392828
0.0285157
0.013879
-0.00281293
-0.0197937
-0.0357667
-0.0489975
-0.0585717
-0.0627981
-0.0610715
-0.0544057
-0.0439034
-0.0316448
-0.0191416
-0.00710319
0.42435
0.406536
0.359483
0.291343
0.209332
0.121111
0.0335521
-0.0463406
-0.11281
-0.161363
-0.191355
-0.205606
-0.205089
-0.190136
-0.163635
-0.131133
-0.0983093
-0.0692688
-0.0464145
-0.0294813
-0.0177027
-0.0113386
-0.00893424
-0.0075138
-0.00543233
-0.00248806
0.000580318
0.0032956
0.00591774
0.00857381
0.0118686
0.0151974
0.0171877
0.0179348
0.0176828
0.0165251
0.0141691
0.010737
0.00724164
0.0045214
0.00305366
0.00275707
0.00348576
0.00507654
0.00720901
0.00975079
0.0122936
0.014261
0.0156052
0.0163089
0.0163528
0.0155126
0.0134989
0.0104522
0.00637127
0.00161263
-0.00355838
-0.00908336
-0.0145749
-0.0200283
-0.025238
-0.0300745
-0.0346122
-0.0384943
-0.0413896
-0.0429619
-0.0427523
-0.040527
-0.0361431
-0.0297066
-0.0216326
-0.0124101
-0.002643
0.0070198
0.0160534
0.0238278
0.0296043
0.0329952
0.0339464
0.0325943
0.0292072
0.0242425
0.0183242
0.0119655
0.00592881
0.0007519
-0.00339607
-0.00634722
-0.00816495
-0.00879478
-0.00846377
-0.00745606
-0.00595196
-0.00436424
-0.00282318
-0.00148947
-0.000438518
0.000256025
0.000539775
0.000638854
0.000585626
0.000472006
0.000356683
0.000216606
7.72467e-05
-4.51673e-05
-5.67175e-05
-6.17737e-05
-5.48353e-05
-4.29489e-05
-3.87896e-05
-4.08459e-05
-4.81447e-05
-4.3828e-05
-2.76435e-05
-2.19159e-05
-4.88572e-06
1.07465e-05
1.58558e-05
6.95139e-06
5.33182e-06
4.1062e-06
-6.13928e-06
-1.28401e-05
-1.29128e-05
7.2876e-06
3.09963e-05
5.71227e-05
7.91326e-05
8.92337e-05
0.000113693
0.000131363
0.00014801
0.000164728
0.000176908
0.000182286
0.000180233
0.000166926
0.000112312
6.20745e-05
2.78652e-05
-2.95881e-06
-3.79486e-05
-7.03791e-05
-8.97795e-05
-0.000105787
-0.000116264
-0.000140764
-0.000183849
-0.000239101
-0.000278231
-0.000295769
-0.000319394
-0.000336139
-0.000336901
-0.000330725
-0.000310979
-0.000287818
-0.000284547
-0.000292311
-0.00029369
-0.000274251
-0.000259572
-0.000266299
-0.000290754
-0.000331531
-0.00037534
-0.000419529
-0.000459058
-0.000496316
-0.000514413
-0.000510073
-0.000490851
-0.000475291
-0.000452575
-0.000427401
-0.000397921
-0.000364435
-0.00033623
-0.000306858
-0.00028124
-0.000254255
-0.000227367
-0.00021796
-0.00020723
-0.000187718
-0.000169818
-0.000130196
-7.87443e-05
-3.24799e-05
2.51923e-06
2.85553e-05
5.65797e-05
8.92915e-05
0.000106314
0.000109651
0.000105316
0.000100803
9.89428e-05
9.63062e-05
7.75401e-05
7.03735e-05
7.96281e-05
0.000106302
0.000154188
0.00019465
0.000232561
0.000283451
0.000324766
0.000358792
0.000383803
0.000394962
0.000391368
0.000393713
0.000401229
0.000386372
0.000370324
0.000344761
0.000321367
0.000311867
0.000302722
0.000318229
0.000335761
0.000351207
0.000387335
0.000397137
0.000401188
0.000399274
0.000390872
0.000372319
0.000334249
0.000298102
0.000271529
0.000261322
0.000235056
0.000200071
0.000165681
0.000144629
0.000144502
0.000158561
0.00017434
0.000183423
0.000206548
0.000236366
0.000256855
0.00024706
0.000229402
0.000218116
0.000204777
0.0002142
0.000216568
0.000211224
0.000217861
0.000234041
0.000258232
0.000274685
0.000278963
0.000282411
0.000298217
0.000322166
0.000345841
0.000351071
0.000339055
0.000322515
0.000311915
0.000291522
0.00024293
0.000201834
0.000178818
0.000145844
0.000104399
5.95041e-05
2.36221e-05
-1.21957e-05
-3.06424e-05
-2.85255e-05
-4.59887e-05
-5.74887e-05
-5.37541e-05
-4.11291e-05
-3.65544e-05
-4.62104e-05
-5.04041e-05
-5.18598e-05
-3.42065e-05
-1.68383e-05
-1.69389e-05
-2.26209e-05
-1.93203e-05
1.51703e-05
2.90936e-05
2.98778e-05
5.14695e-05
6.15241e-05
8.18819e-05
9.39937e-05
8.0769e-05
4.17419e-05
-3.77465e-06
-1.7642e-05
1.64118e-05
1.05593e-05
9.22382e-06
1.0171e-05
9.4017e-06
9.70904e-06
9.25083e-06
9.45292e-06
9.28994e-06
9.53395e-06
9.29274e-06
8.92486e-06
9.31416e-06
8.80845e-06
8.13603e-06
8.51601e-06
8.14721e-06
7.93021e-06
7.75326e-06
7.23172e-06
7.31368e-06
7.21496e-06
6.92997e-06
6.52578e-06
6.60401e-06
6.4522e-06
6.06105e-06
5.61774e-06
5.2508e-06
5.19678e-06
5.06826e-06
5.28991e-06
5.13904e-06
4.40236e-06
4.07919e-06
4.57838e-06
4.05405e-06
3.32855e-06
3.51202e-06
3.49898e-06
3.44031e-06
3.13856e-06
2.94205e-06
2.68314e-06
2.34414e-06
2.43261e-06
2.30037e-06
2.15042e-06
1.64844e-06
1.16043e-06
1.61398e-06
1.67824e-06
1.37091e-06
1.668e-06
1.2368e-06
7.40401e-07
1.31037e-06
1.21444e-06
3.65078e-07
2.6729e-07
8.54954e-07
6.82659e-07
5.05708e-07
7.17118e-07
9.31323e-08
4.8615e-07
2.65427e-07
6.33299e-08
3.48315e-07
1.1269e-07
1.21072e-08
2.16067e-07
2.16998e-07
1.69501e-07
-2.08616e-07
-1.29454e-07
-6.79865e-08
1.22003e-07
1.79745e-07
-1.49012e-07
-1.95578e-07
-4.06057e-07
-6.17467e-07
-3.90224e-07
-6.35162e-07
-5.97909e-07
-2.91504e-07
-6.36093e-07
-3.65078e-07
-3.39933e-07
-7.14324e-07
-4.17233e-07
-3.00817e-07
-2.82191e-07
-1.0971e-06
-9.6485e-07
-9.91859e-07
-1.06078e-06
-9.95584e-07
-1.3113e-06
-7.76723e-07
-8.47504e-07
-1.14087e-06
-9.1549e-07
-1.08965e-06
-1.3886e-06
-1.36625e-06
-1.30013e-06
-1.54879e-06
-1.15763e-06
-9.76957e-07
-1.57207e-06
-1.20047e-06
-9.6485e-07
-8.79169e-07
-7.63685e-07
-9.08971e-07
-1.05798e-06
-8.55885e-07
-9.30391e-07
-9.58331e-07
-1.01514e-06
-7.06874e-07
-1.14553e-06
-4.12576e-07
-2.6077e-07
-7.97212e-07
-4.4331e-07
-5.33648e-07
-6.10016e-07
-4.9267e-07
-3.86499e-07
-2.31899e-07
-1.03377e-07
-3.15718e-07
-5.15021e-07
-4.17233e-07
-5.44824e-07
-3.05474e-07
-2.68221e-07
2.17929e-07
-2.50526e-07
-1.93715e-07
-1.10827e-07
-3.34345e-07
-1.77883e-07
4.65661e-08
1.89058e-07
3.1665e-08
3.7346e-07
2.71015e-07
2.43075e-07
5.28991e-07
3.63216e-07
3.53903e-07
4.09782e-07
3.58559e-07
3.7346e-07
4.89876e-07
2.13273e-07
3.5204e-07
3.90224e-07
2.98023e-07
5.04777e-07
8.31671e-07
6.09085e-07
6.87316e-07
8.72649e-07
5.07571e-07
6.74278e-07
5.83939e-07
4.09782e-07
7.02217e-07
2.30037e-07
1.19209e-07
9.90927e-07
5.51343e-07
2.96161e-07
8.25152e-07
5.79283e-07
5.24335e-07
9.02452e-07
7.29226e-07
7.57165e-07
7.72066e-07
8.2422e-07
5.29923e-07
7.52509e-07
1.12131e-06
8.77306e-07
1.01421e-06
1.17347e-06
1.51247e-06
1.75927e-06
1.23959e-06
8.3819e-07
1.1567e-06
1.69966e-06
1.30851e-06
9.38773e-07
1.48267e-06
1.56183e-06
1.37091e-06
1.61026e-06
1.54041e-06
1.85706e-06
1.90828e-06
1.83005e-06
1.59815e-06
1.47428e-06
1.91852e-06
1.47801e-06
9.31323e-07
1.49943e-06
1.34669e-06
1.64658e-06
1.35787e-06
1.70153e-06
1.64658e-06
1.41002e-06
1.43889e-06
7.21775e-07
1.14832e-06
1.30851e-06
8.61473e-07
9.46224e-07
8.03731e-07
7.60891e-07
1.18092e-06
1.03284e-06
3.22238e-07
5.36442e-07
1.0198e-06
4.10713e-07
-4.74975e-08
1.01514e-07
-1.89058e-07
-1.08033e-07
1.49012e-07
8.3819e-09
1.9744e-07
-2.90573e-07
-4.82425e-07
-7.79517e-07
-6.51926e-07
-6.97561e-07
-1.02911e-06
-8.18633e-07
-5.84871e-07
-8.3819e-07
-1.20979e-06
-1.41747e-06
-1.18744e-06
-1.29081e-06
-1.59536e-06
-1.70711e-06
-1.74344e-06
-1.50222e-06
-1.8198e-06
-2.17743e-06
-1.76672e-06
-1.96975e-06
-1.98185e-06
-1.91852e-06
-1.98744e-06
-2.27522e-06
-2.57324e-06
-1.97068e-06
-2.13739e-06
-2.28453e-06
-1.92877e-06
-2.08803e-06
-2.18488e-06
-1.77231e-06
-2.28267e-06
-2.36277e-06
-1.91294e-06
-2.14856e-06
-1.95857e-06
-1.78441e-06
-1.50222e-06
-1.78069e-06
-1.46497e-06
-1.31223e-06
-1.25542e-06
-1.09803e-06
-1.49291e-06
-1.60933e-06
-1.2368e-06
-1.19489e-06
-1.29919e-06
-1.02911e-06
-8.36328e-07
-4.63799e-07
-1.2666e-07
-7.17118e-07
-4.35859e-07
-3.43658e-07
-5.56931e-07
-5.39236e-07
3.01348e-05
2.44938e-05
2.36453e-05
2.42125e-05
2.34433e-05
2.37953e-05
2.33632e-05
2.33352e-05
2.26516e-05
2.31517e-05
2.27941e-05
2.28165e-05
2.28314e-05
2.23583e-05
2.2063e-05
2.20174e-05
2.15322e-05
2.144e-05
2.1657e-05
2.12826e-05
2.10768e-05
2.04258e-05
2.03876e-05
2.08709e-05
2.05208e-05
2.00244e-05
1.96425e-05
1.95522e-05
1.94497e-05
1.94572e-05
1.92504e-05
1.92737e-05
1.89999e-05
1.87904e-05
1.85892e-05
1.84886e-05
1.78432e-05
1.77072e-05
1.7616e-05
1.74213e-05
1.71326e-05
1.69035e-05
1.69324e-05
1.6652e-05
1.68607e-05
1.66753e-05
1.63689e-05
1.64844e-05
1.62972e-05
1.59591e-05
1.58912e-05
1.55428e-05
1.55643e-05
1.57757e-05
1.52709e-05
1.49347e-05
1.5039e-05
1.51033e-05
1.43507e-05
1.42166e-05
1.43908e-05
1.4184e-05
1.44886e-05
1.44355e-05
1.40052e-05
1.40341e-05
1.39354e-05
1.33384e-05
1.329e-05
1.33161e-05
1.34651e-05
1.35778e-05
1.32136e-05
1.28318e-05
1.25123e-05
1.291e-05
1.23987e-05
1.25142e-05
1.2219e-05
1.18855e-05
1.2408e-05
1.19107e-05
1.14543e-05
1.15875e-05
1.13361e-05
1.14031e-05
1.13491e-05
1.12243e-05
1.09356e-05
1.10213e-05
1.07009e-05
1.03889e-05
1.05314e-05
1.00331e-05
9.95118e-06
1.01104e-05
9.55164e-06
9.18377e-06
9.38587e-06
9.15769e-06
9.02172e-06
8.7861e-06
8.50949e-06
8.43406e-06
8.2748e-06
7.93766e-06
7.76537e-06
7.52416e-06
7.27456e-06
7.65454e-06
7.73463e-06
6.78841e-06
6.83591e-06
6.80424e-06
6.59097e-06
6.61984e-06
6.51274e-06
6.30692e-06
6.21844e-06
6.21006e-06
5.69224e-06
5.47897e-06
5.61308e-06
5.22751e-06
5.41471e-06
5.08223e-06
4.62681e-06
4.65382e-06
4.42285e-06
4.24031e-06
4.05125e-06
3.42168e-06
3.32855e-06
3.97675e-06
3.3509e-06
2.88896e-06
3.05474e-06
2.94391e-06
2.36183e-06
2.40188e-06
2.17184e-06
1.76951e-06
1.53482e-06
1.57859e-06
1.65496e-06
9.87202e-07
1.06823e-06
6.57514e-07
9.54606e-07
8.48435e-07
4.39584e-07
5.16884e-07
1.4808e-07
7.26432e-08
-4.94532e-07
-4.37722e-07
-6.34231e-07
-6.55651e-07
-7.45058e-07
-1.451e-06
-1.30665e-06
-1.49291e-06
-1.546e-06
-1.59349e-06
-1.81608e-06
-2.09641e-06
-1.72202e-06
-2.20723e-06
-2.07406e-06
-2.36835e-06
-2.66358e-06
-2.30689e-06
-2.49315e-06
-2.63285e-06
-2.88896e-06
-2.64682e-06
-3.21306e-06
-3.14228e-06
-2.91318e-06
-3.05101e-06
-3.04915e-06
-2.99979e-06
-3.33134e-06
-3.38629e-06
-3.27732e-06
-3.51202e-06
-3.40957e-06
-3.44217e-06
-3.57721e-06
-3.15066e-06
-3.39001e-06
-3.4431e-06
-3.74485e-06
-3.58094e-06
-3.53344e-06
-4.00469e-06
-3.86778e-06
-3.7346e-06
-3.8594e-06
-4.14904e-06
-4.05312e-06
-3.80259e-06
-3.89852e-06
-4.05498e-06
-3.92366e-06
-3.98327e-06
-4.06057e-06
-4.20026e-06
-4.11086e-06
-4.56069e-06
-4.48432e-06
-4.59515e-06
-5.01703e-06
-4.73205e-06
-4.84753e-06
-4.88106e-06
-4.80749e-06
-5.11855e-06
-5.14369e-06
-5.00586e-06
-4.95091e-06
-5.45476e-06
-5.55627e-06
-5.62426e-06
-5.75837e-06
-5.6196e-06
-5.86547e-06
-6.38142e-06
-6.10948e-06
-5.95674e-06
-6.63847e-06
-6.27618e-06
-6.40471e-06
-6.39725e-06
-6.27898e-06
-6.26501e-06
-6.29481e-06
-6.56676e-06
-6.12438e-06
-6.38328e-06
-7.01193e-06
-6.5947e-06
-6.66268e-06
-6.5323e-06
-6.70552e-06
-7.01379e-06
-6.92345e-06
-6.89644e-06
-6.86664e-06
-6.96536e-06
-6.88061e-06
-6.86385e-06
-7.10506e-06
-6.59656e-06
-6.66827e-06
-6.76233e-06
-6.64126e-06
-6.71577e-06
-6.63381e-06
-6.8238e-06
-6.49225e-06
-6.48852e-06
-6.49784e-06
-6.56955e-06
-6.43544e-06
-6.61705e-06
-6.116e-06
-6.02845e-06
-5.95395e-06
-5.92042e-06
-6.17839e-06
-6.04149e-06
-6.06291e-06
-5.61308e-06
-5.93439e-06
-5.87571e-06
-5.65033e-06
-5.78258e-06
-5.29084e-06
-5.26849e-06
-5.26663e-06
-4.97885e-06
-5.03473e-06
-5.14928e-06
-5.2806e-06
-4.88479e-06
-5.04684e-06
-5.00958e-06
-4.71249e-06
-4.79352e-06
-4.54299e-06
-4.71901e-06
-4.75347e-06
-4.74136e-06
-4.97233e-06
-4.82611e-06
-4.76185e-06
-4.80469e-06
-4.80283e-06
-4.2608e-06
4.6527e-05
4.04567e-05
4.00348e-05
4.02527e-05
3.96678e-05
4.05693e-05
3.95542e-05
3.98234e-05
3.87831e-05
3.94611e-05
3.95244e-05
3.91603e-05
3.90867e-05
3.86983e-05
3.91128e-05
3.87421e-05
3.84282e-05
3.80501e-05
3.80063e-05
3.81246e-05
3.74764e-05
3.72762e-05
3.70815e-05
3.73125e-05
3.69623e-05
3.66317e-05
3.62098e-05
3.6018e-05
3.60757e-05
3.56128e-05
3.51174e-05
3.54405e-05
3.44375e-05
3.43658e-05
3.44049e-05
3.39178e-05
3.35807e-05
3.31653e-05
3.27416e-05
3.25749e-05
3.21409e-05
3.17357e-05
3.16985e-05
3.10317e-05
3.1054e-05
3.07048e-05
3.04505e-05
2.99495e-05
2.97343e-05
2.94251e-05
2.87956e-05
2.88524e-05
2.85842e-05
2.8003e-05
2.7678e-05
2.74237e-05
2.67141e-05
2.64347e-05
2.62521e-05
2.56095e-05
2.51783e-05
2.48998e-05
2.45608e-05
2.39788e-05
2.33389e-05
2.32887e-05
2.31564e-05
2.23527e-05
2.18824e-05
2.11634e-05
2.08132e-05
2.06372e-05
2.026e-05
1.97897e-05
1.84746e-05
1.89673e-05
1.82418e-05
1.75713e-05
1.77883e-05
1.7006e-05
1.69314e-05
1.66195e-05
1.60355e-05
1.55903e-05
1.47615e-05
1.47223e-05
1.43507e-05
1.36765e-05
1.3249e-05
1.29947e-05
1.28001e-05
1.20858e-05
1.1893e-05
1.13714e-05
1.10026e-05
1.05714e-05
1.00648e-05
9.51067e-06
8.94535e-06
8.88668e-06
8.46665e-06
7.72811e-06
7.59028e-06
7.10879e-06
6.58538e-06
6.37956e-06
5.88689e-06
5.4175e-06
5.13811e-06
4.66034e-06
4.16674e-06
3.66662e-06
3.10317e-06
3.01935e-06
2.75578e-06
1.89152e-06
1.41002e-06
1.04401e-06
5.69969e-07
4.91738e-07
-5.40167e-08
-1.64844e-07
-7.28294e-07
-1.30385e-06
-1.32527e-06
-2.26498e-06
-2.48384e-06
-2.61143e-06
-3.46918e-06
-3.5977e-06
-4.03915e-06
-4.29619e-06
-4.80656e-06
-4.88199e-06
-5.14276e-06
-5.74905e-06
-5.66617e-06
-6.24731e-06
-6.55837e-06
-6.5593e-06
-7.14604e-06
-7.22148e-06
-7.9209e-06
-7.74115e-06
-7.86409e-06
-8.38656e-06
-8.55047e-06
-9.14186e-06
-9.29087e-06
-9.4017e-06
-9.5414e-06
-9.66992e-06
-1.03423e-05
-1.09076e-05
-1.09179e-05
-1.1229e-05
-1.12103e-05
-1.14208e-05
-1.18734e-05
-1.21659e-05
-1.22515e-05
-1.23456e-05
-1.28103e-05
-1.333e-05
-1.33161e-05
-1.34027e-05
-1.39056e-05
-1.37305e-05
-1.39028e-05
-1.4578e-05
-1.4415e-05
-1.44029e-05
-1.45631e-05
-1.47363e-05
-1.48276e-05
-1.51526e-05
-1.57235e-05
-1.56639e-05
-1.62274e-05
-1.60532e-05
-1.61324e-05
-1.63494e-05
-1.64686e-05
-1.67144e-05
-1.67917e-05
-1.67554e-05
-1.668e-05
-1.70665e-05
-1.73897e-05
-1.73729e-05
-1.74418e-05
-1.7642e-05
-1.77864e-05
-1.7928e-05
-1.77119e-05
-1.79755e-05
-1.7588e-05
-1.80164e-05
-1.83471e-05
-1.76877e-05
-1.80518e-05
-1.76365e-05
-1.75945e-05
-1.80705e-05
-1.81757e-05
-1.83666e-05
-1.76076e-05
-1.82418e-05
-1.85203e-05
-1.84467e-05
-1.87848e-05
-1.84998e-05
-1.84458e-05
-1.8239e-05
-1.8714e-05
-1.8579e-05
-1.7968e-05
-1.85911e-05
-1.85873e-05
-1.8632e-05
-1.89329e-05
-1.87317e-05
-1.87131e-05
-1.88136e-05
-1.89561e-05
-1.86013e-05
-1.86143e-05
-1.84262e-05
-1.85268e-05
-1.83582e-05
-1.81822e-05
-1.82111e-05
-1.80453e-05
-1.86283e-05
-1.83154e-05
-1.82297e-05
-1.8131e-05
-1.78292e-05
-1.80686e-05
-1.79131e-05
-1.77221e-05
-1.77864e-05
-1.76672e-05
-1.76355e-05
-1.78963e-05
-1.79419e-05
-1.74819e-05
-1.7466e-05
-1.7372e-05
-1.76039e-05
-1.72313e-05
-1.68579e-05
-1.67405e-05
-1.67638e-05
-1.67117e-05
-1.64919e-05
-1.66399e-05
-1.63391e-05
-1.63149e-05
-1.62059e-05
-1.61426e-05
-1.59089e-05
-1.53733e-05
-1.56146e-05
-1.56406e-05
-1.53948e-05
-1.54031e-05
-1.50315e-05
-1.52681e-05
-1.51629e-05
-1.52495e-05
-1.49272e-05
-1.50586e-05
-1.48723e-05
-1.44299e-05
-1.43964e-05
-1.44169e-05
-1.42381e-05
-1.37677e-05
-1.39885e-05
-1.35852e-05
-1.32732e-05
-1.2951e-05
-1.32332e-05
-1.28578e-05
-1.24192e-05
-1.2558e-05
-1.21603e-05
-1.22366e-05
-1.20373e-05
-1.20644e-05
-1.19535e-05
-1.16322e-05
-1.15819e-05
-1.08862e-05
-1.09859e-05
-1.06646e-05
-1.06506e-05
-1.06571e-05
-1.04718e-05
3.22415e-05
2.61869e-05
2.48626e-05
2.54288e-05
2.4965e-05
2.55648e-05
2.45543e-05
2.48682e-05
2.45934e-05
2.43885e-05
2.44649e-05
2.38726e-05
2.4003e-05
2.36211e-05
2.35112e-05
2.35513e-05
2.31965e-05
2.2579e-05
2.2416e-05
2.27476e-05
2.18842e-05
2.20388e-05
2.186e-05
2.16253e-05
2.1508e-05
2.13655e-05
2.13841e-05
2.07182e-05
2.07862e-05
2.07936e-05
2.03811e-05
2.04844e-05
1.93892e-05
1.97347e-05
1.96742e-05
1.93957e-05
1.92206e-05
1.89207e-05
1.87131e-05
1.83377e-05
1.84337e-05
1.84039e-05
1.82418e-05
1.78581e-05
1.78386e-05
1.77072e-05
1.71689e-05
1.66111e-05
1.6354e-05
1.66818e-05
1.65803e-05
1.65915e-05
1.63633e-05
1.56509e-05
1.57617e-05
1.58288e-05
1.55941e-05
1.51927e-05
1.4781e-05
1.50595e-05
1.47922e-05
1.4158e-05
1.34232e-05
1.34874e-05
1.32564e-05
1.27712e-05
1.29966e-05
1.26865e-05
1.23223e-05
1.1879e-05
1.12634e-05
1.14189e-05
1.13342e-05
1.10716e-05
1.03498e-05
1.04429e-05
9.95677e-06
9.70252e-06
9.64664e-06
9.04035e-06
9.21823e-06
8.74512e-06
8.82242e-06
8.54954e-06
7.64523e-06
7.62008e-06
7.98516e-06
7.27829e-06
6.88341e-06
6.8862e-06
6.82939e-06
6.58538e-06
6.22217e-06
6.15697e-06
6.14114e-06
5.28805e-06
5.10737e-06
5.3551e-06
4.65196e-06
4.65102e-06
4.4927e-06
4.26453e-06
4.2012e-06
3.99072e-06
3.64799e-06
3.7197e-06
3.56324e-06
2.79676e-06
2.35904e-06
2.27429e-06
2.49781e-06
2.62447e-06
2.37487e-06
2.0219e-06
1.87103e-06
1.67079e-06
1.21351e-06
1.24425e-06
1.23028e-06
9.09902e-07
5.08502e-07
7.54371e-07
5.02914e-07
5.95115e-07
8.19564e-07
-1.90921e-07
-2.56114e-07
1.89058e-07
-2.40281e-07
-6.65896e-07
-6.14673e-07
-2.30968e-07
-5.34579e-07
-9.86271e-07
-8.77306e-07
-1.32713e-06
-1.04867e-06
-1.48267e-06
-1.7425e-06
-1.35787e-06
-1.45379e-06
-1.35694e-06
-2.0545e-06
-1.95857e-06
-2.26684e-06
-2.0843e-06
-1.60467e-06
-2.59094e-06
-2.12062e-06
-1.93343e-06
-2.68407e-06
-2.55089e-06
-2.6878e-06
-2.67383e-06
-2.69432e-06
-3.23169e-06
-3.06685e-06
-2.98768e-06
-2.94484e-06
-3.14787e-06
-3.26056e-06
-3.46825e-06
-3.88641e-06
-3.9041e-06
-3.67872e-06
-3.72902e-06
-4.20772e-06
-3.9218e-06
-3.89852e-06
-4.36138e-06
-4.28595e-06
-4.09503e-06
-4.13787e-06
-4.00189e-06
-3.83239e-06
-4.45452e-06
-4.44148e-06
-4.09503e-06
-4.4927e-06
-4.29619e-06
-4.448e-06
-4.26359e-06
-4.26359e-06
-3.8771e-06
-4.27384e-06
-4.24404e-06
-3.76068e-06
-3.78676e-06
-4.50481e-06
-4.67338e-06
-4.09689e-06
-4.0317e-06
-4.24124e-06
-4.27477e-06
-4.37349e-06
-4.22355e-06
-3.87896e-06
-3.92552e-06
-4.05684e-06
-4.09596e-06
-3.9544e-06
-3.64985e-06
-3.63123e-06
-3.85288e-06
-4.2608e-06
-4.22634e-06
-4.05125e-06
-4.0289e-06
-3.91155e-06
-4.31575e-06
-4.46662e-06
-4.62309e-06
-4.05405e-06
-4.12948e-06
-4.64451e-06
-4.79259e-06
-4.46197e-06
-4.32692e-06
-4.84101e-06
-5.36256e-06
-5.09713e-06
-5.00027e-06
-5.23962e-06
-5.12507e-06
-4.89969e-06
-4.84008e-06
-5.12786e-06
-4.86337e-06
-5.2629e-06
-5.05242e-06
-5.06081e-06
-4.93694e-06
-4.82611e-06
-5.58887e-06
-5.1884e-06
-5.36535e-06
-5.1586e-06
-4.76092e-06
-5.01424e-06
-4.88386e-06
-5.1083e-06
-4.86989e-06
-4.00934e-06
-4.26825e-06
-4.85405e-06
-5.0189e-06
-4.50015e-06
-4.57745e-06
-4.95184e-06
-5.17908e-06
-4.6175e-06
-4.31668e-06
-4.44613e-06
-4.37256e-06
-4.40422e-06
-4.36138e-06
-4.16581e-06
-3.85754e-06
-3.66103e-06
-4.08851e-06
-3.96278e-06
-3.95626e-06
-3.83798e-06
-3.48035e-06
-3.71784e-06
-3.58187e-06
-3.63402e-06
-3.18419e-06
-3.32389e-06
-3.45428e-06
-3.19351e-06
-3.46452e-06
-3.35556e-06
-3.0417e-06
-3.60887e-06
-3.4729e-06
-3.30061e-06
-3.26335e-06
-3.26708e-06
-3.15718e-06
-2.5332e-06
-2.75671e-06
-2.92901e-06
-2.68314e-06
-2.66079e-06
-2.69059e-06
-2.57324e-06
-2.41026e-06
-2.23797e-06
-2.3488e-06
-2.3488e-06
-2.27243e-06
-1.84961e-06
-2.05822e-06
-1.95112e-06
-1.71177e-06
-1.66055e-06
-1.60187e-06
-1.03656e-06
-1.11945e-06
