0.237064
0.254381
0.226143
0.31204
0.265954
0.578779
0.68187
0.679285
0.630705
0.680362
0.582411
0.360904
0.188437
0.232568
0.161955
0.215379
0.147057
0.490778
0.690367
0.650857
0.703929
0.759966
0.769437
0.77394
0.736332
0.706566
0.706321
0.594957
0.46108
0.121102
0.486317
0.455611
0.100494
0.195013
0.17381
0.142784
0.304582
0.522889
0.710478
0.719447
0.707758
0.642637
0.402028
0.382702
0.365704
0.382471
0.366388
0.277875
0.100033
0.459835
0.200235
0.183415
0.517811
0.620204
0.681485
0.642433
0.505133
0.364965
0.169278
0.292921
0.282229
0.133011
0.248884
0.213971
0.154832
0.197718
0.16794
0.137132
0.431808
0.534213
0.636815
0.430332
0.63955
0.558442
0.279378
0.396012
0.379781
0.421691
0.571439
0.477217
0.570542
0.433204
0.286516
0.286474
0.27361
0.229431
0.410089
0.245674
0.29202
0.21691
0.272424
0.0351884
0.247237
0.322108
0.131804
0.582354
0.691973
0.599113
